1603205339131	mozrunner::runner	INFO	Running command: "/Applications/Firefox.app/Contents/MacOS/firefox-bin" "-marionette" "-foreground" "-no-remote" "-profile" "/var/folders/nb/ddtnjnv149l7lzk0l_vn15480000gq/T/rust_mozprofileaM3OYy"
console.error: SearchCache: "_readCacheFile: Error reading cache file:" (new Error("", "(unknown module)"))
1603205346507	Marionette	INFO	Listening on port 50682
1603205346571	Marionette	WARN	TLS certificate errors will be ignored for this session
1603205474454	Marionette	INFO	Stopped listening on port 50682
1603205911540	mozrunner::runner	INFO	Running command: "/Applications/Firefox.app/Contents/MacOS/firefox-bin" "-marionette" "-foreground" "-no-remote" "-profile" "/var/folders/nb/ddtnjnv149l7lzk0l_vn15480000gq/T/rust_mozprofile8J8Cz4"
console.error: SearchCache: "_readCacheFile: Error reading cache file:" (new Error("", "(unknown module)"))
1603205918816	Marionette	INFO	Listening on port 50892
1603205918848	Marionette	WARN	TLS certificate errors will be ignored for this session
1603205938578	mozrunner::runner	INFO	Running command: "/Applications/Firefox.app/Contents/MacOS/firefox-bin" "-marionette" "-foreground" "-no-remote" "-profile" "/var/folders/nb/ddtnjnv149l7lzk0l_vn15480000gq/T/rust_mozprofileRsKpmh"
console.error: SearchCache: "_readCacheFile: Error reading cache file:" (new Error("", "(unknown module)"))
1603205942606	Marionette	INFO	Stopped listening on port 50892
1603205944978	Marionette	INFO	Listening on port 51001
1603205945072	Marionette	WARN	TLS certificate errors will be ignored for this session
JavaScript error: resource://gre/actors/AutoCompleteChild.jsm, line 235: Error: Invalid autocomplete selectedIndex
JavaScript error: resource://gre/actors/AutoCompleteChild.jsm, line 235: Error: Invalid autocomplete selectedIndex
JavaScript error: resource://gre/modules/LoginManagerChild.jsm, line 190: NS_ERROR_XPC_JAVASCRIPT_ERROR_WITH_DETAILS: [JavaScript Error: "Invalid autocomplete selectedIndex" {file: "resource://gre/actors/AutoCompleteChild.jsm" line: 235}]'[JavaScript Error: "Invalid autocomplete selectedIndex" {file: "resource://gre/actors/AutoCompleteChild.jsm" line: 235}]' when calling method: [nsIAutoCompletePopup::selectedIndex]
1603206417861	mozrunner::runner	INFO	Running command: "/Applications/Firefox.app/Contents/MacOS/firefox-bin" "-marionette" "-foreground" "-no-remote" "-profile" "/var/folders/nb/ddtnjnv149l7lzk0l_vn15480000gq/T/rust_mozprofile2HWgqm"
console.error: SearchCache: "_readCacheFile: Error reading cache file:" (new Error("", "(unknown module)"))
1603206423623	Marionette	INFO	Listening on port 51218
1603206423910	Marionette	WARN	TLS certificate errors will be ignored for this session
1603206445968	Marionette	INFO	Stopped listening on port 51218
1603206489342	Marionette	INFO	Stopped listening on port 51001
1603206512335	mozrunner::runner	INFO	Running command: "/Applications/Firefox.app/Contents/MacOS/firefox-bin" "-marionette" "-foreground" "-no-remote" "-profile" "/var/folders/nb/ddtnjnv149l7lzk0l_vn15480000gq/T/rust_mozprofilefycxzB"
console.error: SearchCache: "_readCacheFile: Error reading cache file:" (new Error("", "(unknown module)"))
1603206518060	Marionette	INFO	Listening on port 51352
1603206518115	Marionette	WARN	TLS certificate errors will be ignored for this session
JavaScript error: resource://gre/actors/AutoCompleteChild.jsm, line 235: Error: Invalid autocomplete selectedIndex
JavaScript error: resource://gre/actors/AutoCompleteChild.jsm, line 235: Error: Invalid autocomplete selectedIndex
JavaScript error: resource://gre/modules/LoginManagerChild.jsm, line 190: NS_ERROR_XPC_JAVASCRIPT_ERROR_WITH_DETAILS: [JavaScript Error: "Invalid autocomplete selectedIndex" {file: "resource://gre/actors/AutoCompleteChild.jsm" line: 235}]'[JavaScript Error: "Invalid autocomplete selectedIndex" {file: "resource://gre/actors/AutoCompleteChild.jsm" line: 235}]' when calling method: [nsIAutoCompletePopup::selectedIndex]
1603206593155	mozrunner::runner	INFO	Running command: "/Applications/Firefox.app/Contents/MacOS/firefox-bin" "-marionette" "-foreground" "-no-remote" "-profile" "/var/folders/nb/ddtnjnv149l7lzk0l_vn15480000gq/T/rust_mozprofileIa6haR"
console.error: SearchCache: "_readCacheFile: Error reading cache file:" (new Error("", "(unknown module)"))
1603206598708	Marionette	INFO	Listening on port 51511
1603206598819	Marionette	WARN	TLS certificate errors will be ignored for this session
1603206621721	Marionette	INFO	Stopped listening on port 51511
console.error: "Task cancelled"
1603210751301	Marionette	INFO	Stopped listening on port 51352
1603269716287	mozrunner::runner	INFO	Running command: "/Applications/Firefox.app/Contents/MacOS/firefox-bin" "-marionette" "-foreground" "-no-remote" "-profile" "/var/folders/nb/ddtnjnv149l7lzk0l_vn15480000gq/T/rust_mozprofileFct4yb"
console.error: SearchCache: "_readCacheFile: Error reading cache file:" (new Error("", "(unknown module)"))
1603269722414	Marionette	INFO	Listening on port 56295
1603269722472	Marionette	WARN	TLS certificate errors will be ignored for this session
1603269736450	Marionette	INFO	Stopped listening on port 56295
1603277748584	mozrunner::runner	INFO	Running command: "/Applications/Firefox.app/Contents/MacOS/firefox-bin" "-marionette" "-foreground" "-no-remote" "-profile" "/var/folders/nb/ddtnjnv149l7lzk0l_vn15480000gq/T/rust_mozprofilexHd1ns"
console.error: SearchCache: "_readCacheFile: Error reading cache file:" (new Error("", "(unknown module)"))
1603277752939	Marionette	INFO	Listening on port 56668
1603277752962	Marionette	WARN	TLS certificate errors will be ignored for this session
1603277842349	Marionette	INFO	Stopped listening on port 56668
1603277868162	mozrunner::runner	INFO	Running command: "/Applications/Firefox.app/Contents/MacOS/firefox-bin" "-marionette" "-foreground" "-no-remote" "-profile" "/var/folders/nb/ddtnjnv149l7lzk0l_vn15480000gq/T/rust_mozprofileVAJBbh"
console.error: SearchCache: "_readCacheFile: Error reading cache file:" (new Error("", "(unknown module)"))
1603277872659	Marionette	INFO	Listening on port 56774
1603277872703	Marionette	WARN	TLS certificate errors will be ignored for this session
1603277896420	mozrunner::runner	INFO	Running command: "/Applications/Firefox.app/Contents/MacOS/firefox-bin" "-marionette" "-foreground" "-no-remote" "-profile" "/var/folders/nb/ddtnjnv149l7lzk0l_vn15480000gq/T/rust_mozprofilesarqDS"
console.error: SearchCache: "_readCacheFile: Error reading cache file:" (new Error("", "(unknown module)"))

###!!! [Parent][MessageChannel] Error: (msgtype=0x1D0011,name=PBackgroundStorage::Msg_Observe) Channel error: cannot send/recv

1603277900461	Marionette	INFO	Stopped listening on port 56774
1603277900726	Marionette	INFO	Listening on port 56850
1603277900778	Marionette	WARN	TLS certificate errors will be ignored for this session
1603277909324	Marionette	INFO	Stopped listening on port 56850
1603277951109	mozrunner::runner	INFO	Running command: "/Applications/Firefox.app/Contents/MacOS/firefox-bin" "-marionette" "-foreground" "-no-remote" "-profile" "/var/folders/nb/ddtnjnv149l7lzk0l_vn15480000gq/T/rust_mozprofile5JvlrW"
console.error: SearchCache: "_readCacheFile: Error reading cache file:" (new Error("", "(unknown module)"))
1603277954673	Marionette	INFO	Listening on port 56964
1603277954909	Marionette	WARN	TLS certificate errors will be ignored for this session
1603278059774	mozrunner::runner	INFO	Running command: "/Applications/Firefox.app/Contents/MacOS/firefox-bin" "-marionette" "-foreground" "-no-remote" "-profile" "/var/folders/nb/ddtnjnv149l7lzk0l_vn15480000gq/T/rust_mozprofileCZKWSx"
console.error: SearchCache: "_readCacheFile: Error reading cache file:" (new Error("", "(unknown module)"))
1603278062899	Marionette	INFO	Listening on port 57034
1603278062987	Marionette	WARN	TLS certificate errors will be ignored for this session
1603278066108	Marionette	INFO	Stopped listening on port 56964
1603278352720	Marionette	INFO	Stopped listening on port 57034
